export-mups-reference (single master resolution, no history rollback)
skip existing: yes
started: Wed Jun 17 2026 14:05:20 GMT+0200

bc/aqua
  skip C:\Projects\microCSS\gulp-mu-ps\examples\reference\out\bc\aqua\but_login_hover.png
  skip C:\Projects\microCSS\gulp-mu-ps\examples\reference\out\bc\aqua\but_world_hover.png
  skip C:\Projects\microCSS\gulp-mu-ps\examples\reference\out\bc\aqua\but_events_hover.png
  skip C:\Projects\microCSS\gulp-mu-ps\examples\reference\out\bc\aqua\but_settings_hover.png
  skip C:\Projects\microCSS\gulp-mu-ps\examples\reference\out\bc\aqua\but_help_hover.png
  skip C:\Projects\microCSS\gulp-mu-ps\examples\reference\out\bc\aqua\but_login_normal.png
  skip C:\Projects\microCSS\gulp-mu-ps\examples\reference\out\bc\aqua\but_world_normal.png
  skip C:\Projects\microCSS\gulp-mu-ps\examples\reference\out\bc\aqua\but_events_normal.png
  skip C:\Projects\microCSS\gulp-mu-ps\examples\reference\out\bc\aqua\but_settings_normal.png
  skip C:\Projects\microCSS\gulp-mu-ps\examples\reference\out\bc\aqua\but_help_normal.png
bc/alu
  skip C:\Projects\microCSS\gulp-mu-ps\examples\reference\out\bc\alu\but_login_hover.png
  skip C:\Projects\microCSS\gulp-mu-ps\examples\reference\out\bc\alu\but_world_hover.png
  skip C:\Projects\microCSS\gulp-mu-ps\examples\reference\out\bc\alu\but_events_hover.png
  skip C:\Projects\microCSS\gulp-mu-ps\examples\reference\out\bc\alu\but_settings_hover.png
  skip C:\Projects\microCSS\gulp-mu-ps\examples\reference\out\bc\alu\but_help_hover.png
  skip C:\Projects\microCSS\gulp-mu-ps\examples\reference\out\bc\alu\but_login_normal.png
  skip C:\Projects\microCSS\gulp-mu-ps\examples\reference\out\bc\alu\but_world_normal.png
  skip C:\Projects\microCSS\gulp-mu-ps\examples\reference\out\bc\alu\but_events_normal.png
  skip C:\Projects\microCSS\gulp-mu-ps\examples\reference\out\bc\alu\but_settings_normal.png
  skip C:\Projects\microCSS\gulp-mu-ps\examples\reference\out\bc\alu\but_help_normal.png
fx
  skip C:\Projects\microCSS\gulp-mu-ps\examples\reference\out\fx\bevelEmboss.png
  skip C:\Projects\microCSS\gulp-mu-ps\examples\reference\out\flat\fx\bevelEmboss.png
  skip C:\Projects\microCSS\gulp-mu-ps\examples\reference\out\fx\bevelOuter.png
  skip C:\Projects\microCSS\gulp-mu-ps\examples\reference\out\flat\fx\bevelOuter.png
  skip C:\Projects\microCSS\gulp-mu-ps\examples\reference\out\fx\bevelPillow.png
  skip C:\Projects\microCSS\gulp-mu-ps\examples\reference\out\flat\fx\bevelPillow.png
  skip C:\Projects\microCSS\gulp-mu-ps\examples\reference\out\fx\bevelInner_chisel.png
  skip C:\Projects\microCSS\gulp-mu-ps\examples\reference\out\flat\fx\bevelInner_chisel.png
  skip C:\Projects\microCSS\gulp-mu-ps\examples\reference\out\fx\bevelInner.png
  skip C:\Projects\microCSS\gulp-mu-ps\examples\reference\out\flat\fx\bevelInner.png
  C:\Projects\microCSS\gulp-mu-ps\examples\reference\out\fx\satin_invert.png
  C:\Projects\microCSS\gulp-mu-ps\examples\reference\out\flat\fx\satin_invert.png
  C:\Projects\microCSS\gulp-mu-ps\examples\reference\out\fx\satin_warm.png
  C:\Projects\microCSS\gulp-mu-ps\examples\reference\out\flat\fx\satin_warm.png
  C:\Projects\microCSS\gulp-mu-ps\examples\reference\out\fx\satin.png
  C:\Projects\microCSS\gulp-mu-ps\examples\reference\out\flat\fx\satin.png
  C:\Projects\microCSS\gulp-mu-ps\examples\reference\out\fx\strokeMultiply.png
  C:\Projects\microCSS\gulp-mu-ps\examples\reference\out\flat\fx\strokeMultiply.png
  C:\Projects\microCSS\gulp-mu-ps\examples\reference\out\fx\strokeCenter.png
  C:\Projects\microCSS\gulp-mu-ps\examples\reference\out\flat\fx\strokeCenter.png
  C:\Projects\microCSS\gulp-mu-ps\examples\reference\out\fx\strokeInside.png
  C:\Projects\microCSS\gulp-mu-ps\examples\reference\out\flat\fx\strokeInside.png
  C:\Projects\microCSS\gulp-mu-ps\examples\reference\out\fx\strokeOutside.png
  C:\Projects\microCSS\gulp-mu-ps\examples\reference\out\flat\fx\strokeOutside.png
  skip C:\Projects\microCSS\gulp-mu-ps\examples\reference\out\fx\gradientOverlay_reverse.png
  skip C:\Projects\microCSS\gulp-mu-ps\examples\reference\out\flat\fx\gradientOverlay_reverse.png
  skip C:\Projects\microCSS\gulp-mu-ps\examples\reference\out\fx\gradientOverlay_diag.png
  skip C:\Projects\microCSS\gulp-mu-ps\examples\reference\out\flat\fx\gradientOverlay_diag.png
  skip C:\Projects\microCSS\gulp-mu-ps\examples\reference\out\fx\gradientOverlay.png
  skip C:\Projects\microCSS\gulp-mu-ps\examples\reference\out\flat\fx\gradientOverlay.png
  skip C:\Projects\microCSS\gulp-mu-ps\examples\reference\out\fx\outerGlow_white.png
  skip C:\Projects\microCSS\gulp-mu-ps\examples\reference\out\flat\fx\outerGlow_white.png
  skip C:\Projects\microCSS\gulp-mu-ps\examples\reference\out\fx\outerGlow_soft.png
  skip C:\Projects\microCSS\gulp-mu-ps\examples\reference\out\flat\fx\outerGlow_soft.png
  skip C:\Projects\microCSS\gulp-mu-ps\examples\reference\out\fx\outerGlow.png
  skip C:\Projects\microCSS\gulp-mu-ps\examples\reference\out\flat\fx\outerGlow.png
  skip C:\Projects\microCSS\gulp-mu-ps\examples\reference\out\fx\innerGlow_warm.png
  skip C:\Projects\microCSS\gulp-mu-ps\examples\reference\out\flat\fx\innerGlow_warm.png
  skip C:\Projects\microCSS\gulp-mu-ps\examples\reference\out\fx\innerGlow_tight.png
  skip C:\Projects\microCSS\gulp-mu-ps\examples\reference\out\flat\fx\innerGlow_tight.png
  skip C:\Projects\microCSS\gulp-mu-ps\examples\reference\out\fx\innerGlow.png
  skip C:\Projects\microCSS\gulp-mu-ps\examples\reference\out\flat\fx\innerGlow.png
  skip C:\Projects\microCSS\gulp-mu-ps\examples\reference\out\fx\innerShadow_wide.png
  skip C:\Projects\microCSS\gulp-mu-ps\examples\reference\out\flat\fx\innerShadow_wide.png
  skip C:\Projects\microCSS\gulp-mu-ps\examples\reference\out\fx\innerShadow_multiply.png
  skip C:\Projects\microCSS\gulp-mu-ps\examples\reference\out\flat\fx\innerShadow_multiply.png
  skip C:\Projects\microCSS\gulp-mu-ps\examples\reference\out\fx\innerShadow_aqua.png
  skip C:\Projects\microCSS\gulp-mu-ps\examples\reference\out\flat\fx\innerShadow_aqua.png
  skip C:\Projects\microCSS\gulp-mu-ps\examples\reference\out\fx\innerShadow.png
  skip C:\Projects\microCSS\gulp-mu-ps\examples\reference\out\flat\fx\innerShadow.png
  skip C:\Projects\microCSS\gulp-mu-ps\examples\reference\out\fx\dropShadow_hard.png
  skip C:\Projects\microCSS\gulp-mu-ps\examples\reference\out\flat\fx\dropShadow_hard.png
  skip C:\Projects\microCSS\gulp-mu-ps\examples\reference\out\fx\dropShadow_soft.png
  skip C:\Projects\microCSS\gulp-mu-ps\examples\reference\out\flat\fx\dropShadow_soft.png
  skip C:\Projects\microCSS\gulp-mu-ps\examples\reference\out\fx\dropShadow.png
  skip C:\Projects\microCSS\gulp-mu-ps\examples\reference\out\flat\fx\dropShadow.png
  skip C:\Projects\microCSS\gulp-mu-ps\examples\reference\out\fx\solidFill_multiply.png
  skip C:\Projects\microCSS\gulp-mu-ps\examples\reference\out\flat\fx\solidFill_multiply.png
  skip C:\Projects\microCSS\gulp-mu-ps\examples\reference\out\fx\solidFill.png
  skip C:\Projects\microCSS\gulp-mu-ps\examples\reference\out\flat\fx\solidFill.png
stacks
  skip C:\Projects\microCSS\gulp-mu-ps\examples\reference\out\stacks\stack_aluIcon.png
  skip C:\Projects\microCSS\gulp-mu-ps\examples\reference\out\stacks\stack_aquaIcon.png
blend
  skip C:\Projects\microCSS\gulp-mu-ps\examples\reference\out\blend\blend_colorBurn.png
  skip C:\Projects\microCSS\gulp-mu-ps\examples\reference\out\blend\blend_lighten.png
  skip C:\Projects\microCSS\gulp-mu-ps\examples\reference\out\blend\blend_darken.png
  skip C:\Projects\microCSS\gulp-mu-ps\examples\reference\out\blend\blend_overlay.png
  skip C:\Projects\microCSS\gulp-mu-ps\examples\reference\out\blend\blend_screen.png
  skip C:\Projects\microCSS\gulp-mu-ps\examples\reference\out\blend\blend_multiply.png
  skip C:\Projects\microCSS\gulp-mu-ps\examples\reference\out\blend\blend_normal.png
topsets
  skip C:\Projects\microCSS\gulp-mu-ps\examples\reference\out\topsets\frame_03.png
  skip C:\Projects\microCSS\gulp-mu-ps\examples\reference\out\topsets\frame_02.png
  skip C:\Projects\microCSS\gulp-mu-ps\examples\reference\out\topsets\frame_01.png
links
  skip C:\Projects\microCSS\gulp-mu-ps\examples\reference\out\links\follower.png
text
  skip C:\Projects\microCSS\gulp-mu-ps\examples\reference\out\text\glyph_text.png
  skip C:\Projects\microCSS\gulp-mu-ps\examples\reference\out\text\glyph_text_light.png
compositing
  skip C:\Projects\microCSS\gulp-mu-ps\examples\reference\out\compositing\layerAlpha\pixelAlpha_uniform50.png
  skip C:\Projects\microCSS\gulp-mu-ps\examples\reference\out\compositing\layerAlpha\pixelAlpha_opaque.png
  skip C:\Projects\microCSS\gulp-mu-ps\examples\reference\out\compositing\layerOpacity\opacity50.png
  skip C:\Projects\microCSS\gulp-mu-ps\examples\reference\out\compositing\layerOpacity\opacity100.png
  skip C:\Projects\microCSS\gulp-mu-ps\examples\reference\out\compositing\fillOpacity\fill0_bevel.png
  skip C:\Projects\microCSS\gulp-mu-ps\examples\reference\out\compositing\fillOpacity\fill50_bevel.png
  skip C:\Projects\microCSS\gulp-mu-ps\examples\reference\out\compositing\fillOpacity\fill100_bevel.png
  skip C:\Projects\microCSS\gulp-mu-ps\examples\reference\out\compositing\chart\chart.png
status: OK (14 written, 89 skipped)
next: node gulp-mu-ps/tools/build-reference-overview.mjs